<?xml version="1.0" encoding="UTF-8"?>
<testng-results ignored="0" total="1" passed="1" failed="0" skipped="0">
  <reporter-output>
  </reporter-output>
  <suite started-at="2023-06-15T06:59:36Z" name="Default suite" finished-at="2023-06-15T07:00:01Z" duration-ms="24408">
    <groups>
    </groups>
    <test started-at="2023-06-15T06:59:36Z" name="Default test" finished-at="2023-06-15T07:00:01Z" duration-ms="24408">
      <class name="com.test.hashtest">
        <test-method is-config="true" signature="launch()[pri:0, instance:com.test.hashtest@479ceda0]" started-at="2023-06-15T12:29:36Z" name="launch" finished-at="2023-06-15T12:29:45Z" duration-ms="9006" status="PASS">
          <reporter-output>
          </reporter-output>
        </test-method> <!-- launch -->
        <test-method signature="Sample1()[pri:1, instance:com.test.hashtest@479ceda0]" started-at="2023-06-15T12:29:45Z" name="Sample1" finished-at="2023-06-15T12:30:01Z" duration-ms="15380" status="PASS">
          <reporter-output>
          </reporter-output>
        </test-method> <!-- Sample1 -->
      </class> <!-- com.test.hashtest -->
    </test> <!-- Default test -->
  </suite> <!-- Default suite -->
</testng-results>
